<?xml version="1.0" encoding="UTF-8" standalone="no"?>
<!DOCTYPE log SYSTEM "logger.dtd">
<log>
<record>
  <date>2024-06-01T14:40:20.902927Z</date>
  <millis>1717252820902</millis>
  <nanos>927000</nanos>
  <sequence>0</sequence>
  <logger>fr.tp.inf112.robotsim.test.SimulatorApplication</logger>
  <level>INFO</level>
  <class>fr.tp.inf112.robotsim.test.SimulatorApplication</class>
  <method>main</method>
  <thread>1</thread>
  <message>Starting the robot simulator...</message>
</record>
<record>
  <date>2024-06-01T14:40:21.047531Z</date>
  <millis>1717252821047</millis>
  <nanos>531000</nanos>
  <sequence>1</sequence>
  <logger>fr.tp.inf112.robotsim.test.SimulatorApplication</logger>
  <level>CONFIG</level>
  <class>fr.tp.inf112.robotsim.test.SimulatorApplication</class>
  <method>main</method>
  <thread>1</thread>
  <message>With parameters [].</message>
</record>
<record>
  <date>2024-06-01T14:41:33.778147Z</date>
  <millis>1717252893778</millis>
  <nanos>147000</nanos>
  <sequence>2</sequence>
  <logger>fr.tp.inf112.projects.canvas.view.ControllerWorker</logger>
  <level>SEVERE</level>
  <class>fr.tp.inf112.projects.canvas.view.ControllerWorker</class>
  <method>done</method>
  <thread>19</thread>
  <message>A problem occur while saving canvas.</message>
  <exception>
    <message>java.util.concurrent.ExecutionException: java.io.NotSerializableException: fr.tp.inf112.robotsim.model.Wall</message>
    <frame>
      <class>java.util.concurrent.FutureTask</class>
      <method>report</method>
      <line>122</line>
    </frame>
    <frame>
      <class>java.util.concurrent.FutureTask</class>
      <method>get</method>
      <line>191</line>
    </frame>
    <frame>
      <class>javax.swing.SwingWorker</class>
      <method>get</method>
      <line>613</line>
    </frame>
    <frame>
      <class>fr.tp.inf112.projects.canvas.view.ControllerWorker</class>
      <method>done</method>
      <line>28</line>
    </frame>
    <frame>
      <class>javax.swing.SwingWorker$5</class>
      <method>run</method>
      <line>750</line>
    </frame>
    <frame>
      <class>javax.swing.SwingWorker$DoSubmitAccumulativeRunnable</class>
      <method>run</method>
      <line>848</line>
    </frame>
    <frame>
      <class>sun.swing.AccumulativeRunnable</class>
      <method>run</method>
      <line>112</line>
    </frame>
    <frame>
      <class>javax.swing.SwingWorker$DoSubmitAccumulativeRunnable</class>
      <method>actionPerformed</method>
      <line>858</line>
    </frame>
    <frame>
      <class>javax.swing.Timer</class>
      <method>fireActionPerformed</method>
      <line>311</line>
    </frame>
    <frame>
      <class>javax.swing.Timer$DoPostEvent</class>
      <method>run</method>
      <line>243</line>
    </frame>
    <frame>
      <class>java.awt.event.InvocationEvent</class>
      <method>dispatch</method>
      <line>318</line>
    </frame>
    <frame>
      <class>java.awt.EventQueue</class>
      <method>dispatchEventImpl</method>
      <line>773</line>
    </frame>
    <frame>
      <class>java.awt.EventQueue$4</class>
      <method>run</method>
      <line>720</line>
    </frame>
    <frame>
      <class>java.awt.EventQueue$4</class>
      <method>run</method>
      <line>714</line>
    </frame>
    <frame>
      <class>java.security.AccessController</class>
      <method>doPrivileged</method>
      <line>399</line>
    </frame>
    <frame>
      <class>java.security.ProtectionDomain$JavaSecurityAccessImpl</class>
      <method>doIntersectionPrivilege</method>
      <line>86</line>
    </frame>
    <frame>
      <class>java.awt.EventQueue</class>
      <method>dispatchEvent</method>
      <line>742</line>
    </frame>
    <frame>
      <class>java.awt.EventDispatchThread</class>
      <method>pumpOneEventForFilters</method>
      <line>203</line>
    </frame>
    <frame>
      <class>java.awt.EventDispatchThread</class>
      <method>pumpEventsForFilter</method>
      <line>124</line>
    </frame>
    <frame>
      <class>java.awt.EventDispatchThread</class>
      <method>pumpEventsForHierarchy</method>
      <line>113</line>
    </frame>
    <frame>
      <class>java.awt.EventDispatchThread</class>
      <method>pumpEvents</method>
      <line>109</line>
    </frame>
    <frame>
      <class>java.awt.EventDispatchThread</class>
      <method>pumpEvents</method>
      <line>101</line>
    </frame>
    <frame>
      <class>java.awt.EventDispatchThread</class>
      <method>run</method>
      <line>90</line>
    </frame>
  </exception>
</record>
</log>
