<?xml version="1.0" encoding="UTF-8" standalone="no"?>
<!DOCTYPE log SYSTEM "logger.dtd">
<log>
<record>
  <date>2024-06-01T14:33:30.014650Z</date>
  <millis>1717252410014</millis>
  <nanos>650000</nanos>
  <sequence>0</sequence>
  <logger>fr.tp.inf112.robotsim.test.SimulatorApplication</logger>
  <level>INFO</level>
  <class>fr.tp.inf112.robotsim.test.SimulatorApplication</class>
  <method>main</method>
  <thread>1</thread>
  <message>Starting the robot simulator...</message>
</record>
<record>
  <date>2024-06-01T14:33:30.150111Z</date>
  <millis>1717252410150</millis>
  <nanos>111000</nanos>
  <sequence>1</sequence>
  <logger>fr.tp.inf112.robotsim.test.SimulatorApplication</logger>
  <level>CONFIG</level>
  <class>fr.tp.inf112.robotsim.test.SimulatorApplication</class>
  <method>main</method>
  <thread>1</thread>
  <message>With parameters [].</message>
</record>
</log>
