<?xml version="1.0" encoding="UTF-8" standalone="no"?>
<!DOCTYPE log SYSTEM "logger.dtd">
<log>
<record>
  <date>2024-06-02T09:10:57.327051Z</date>
  <millis>1717319457327</millis>
  <nanos>51000</nanos>
  <sequence>0</sequence>
  <logger>fr.tp.inf112.robotsim.test.SimulatorApplication</logger>
  <level>INFO</level>
  <class>fr.tp.inf112.robotsim.test.SimulatorApplication</class>
  <method>main</method>
  <thread>1</thread>
  <message>Starting the robot simulator...</message>
</record>
<record>
  <date>2024-06-02T09:10:57.460003Z</date>
  <millis>1717319457460</millis>
  <nanos>3000</nanos>
  <sequence>1</sequence>
  <logger>fr.tp.inf112.robotsim.test.SimulatorApplication</logger>
  <level>CONFIG</level>
  <class>fr.tp.inf112.robotsim.test.SimulatorApplication</class>
  <method>main</method>
  <thread>1</thread>
  <message>With parameters [].</message>
</record>
</log>
